{"level":"info"}
{"level":"info","message":"hola mundo"}
{"level":"info","message":"hola mundo"}
{"level":"info","message":"hola mundo","service":"app.js"}
{"level":"info","message":"hola mundo","service":"app.js"}
{"level":"info","message":"hola mundo","service":"app.js"}
{"level":"info","message":"hola mundo","service":"app.js"}
{"level":"info","message":"hola mundo","service":"app.js"}
{"level":"info","message":"hola mundo","service":"app.js"}
{"level":"info","message":"hola mundo","service":"app.js"}
{"level":"info","message":"hola mundo","service":"app.js"}
{"level":"error","message":"error este es un error","service":"app.js"}
{"level":"info","message":"hola mundo","service":"app.js"}
{"level":"error","message":"error este es un error","service":"app.js"}
{"level":"info","message":"hola mundo","service":"app.js"}
{"level":"error","message":"error este es un error","service":"app.js"}
{"level":"info","message":"hola mundo","service":"app.js"}
{"level":"error","message":"error este es un error","service":"app.js"}
{"level":"info","message":"hola mundo","service":"app.js"}
{"level":"error","message":"error este es un error","service":"app.js"}
{"level":"info","message":"hola mundo","service":"app.js"}
{"level":"error","message":"error este es un error","service":"app.js"}
{"level":"info","message":"hola mundo","service":"app.js"}
{"level":"error","message":"error este es un error","service":"app.js"}
{"level":"info","message":"hola mundo","service":"app.js"}
{"level":"error","message":"error este es un error","service":"app.js"}
{"level":"info","message":"hola mundo","service":"app.js"}
{"level":"error","message":"error este es un error","service":"app.js"}
undefined
undefined
{"level":"info","message":"hola mundo","service":"app.js","timestamp":"2024-03-14T03:11:22.015Z"}
{"level":"error","message":"error este es un error","service":"app.js","timestamp":"2024-03-14T03:11:22.017Z"}
{"level":"info","message":"hola mundo","service":"app.js","timestamp":"2024-03-14T03:11:27.988Z"}
{"level":"error","message":"error este es un error","service":"app.js","timestamp":"2024-03-14T03:11:27.990Z"}
